0 info it worked if it ends with ok
1 verbose cli [ 'c:\\Program Files (x86)\\nodejs\\node.exe',
1 verbose cli   'c:\\Program Files (x86)\\nodejs\\node_modules\\npm\\bin\\npm-cli.js',
1 verbose cli   'start',
1 verbose cli   'dev' ]
2 info using npm@1.3.24
3 info using node@v0.10.25
4 error Error: ENOENT, open 'c:\Users\Voyager\Documents\GitHub\desuvader\node_modules\dev\package.json'
5 error If you need help, you may report this *entire* log,
5 error including the npm and node versions, at:
5 error     <http://github.com/isaacs/npm/issues>
6 error System Windows_NT 6.1.7601
7 error command "c:\\Program Files (x86)\\nodejs\\node.exe" "c:\\Program Files (x86)\\nodejs\\node_modules\\npm\\bin\\npm-cli.js" "start" "dev"
8 error cwd c:\Users\Voyager\Documents\GitHub\desuvader
9 error node -v v0.10.25
10 error npm -v 1.3.24
11 error path c:\Users\Voyager\Documents\GitHub\desuvader\node_modules\dev\package.json
12 error code ENOENT
13 error errno 34
14 verbose exit [ 34, true ]
